MealerApp/app/build/intermediates/manifest_merge_blame_file/debug/manifest-merger-blame-debug-report.txt
1<?xml version="1.0" encoding="utf-8"?>
2<manifest xmlns:android="http://schemas.android.com/apk/res/android"
3    package="com.example.mealerapp"
4    android:versionCode="1"
5    android:versionName="1.0" >
6
7    <uses-sdk
8        android:minSdkVersion="22"
8-->src\main\AndroidManifest.xml
9        android:targetSdkVersion="32" />
9-->src\main\AndroidManifest.xml
10
11    <uses-permission android:name="android.permission.INTERNET" />
11-->src\main\AndroidManifest.xml:5:5-67
11-->src\main\AndroidManifest.xml:5:22-64
12    <uses-permission android:name="android.permission.ACCESS_NETWORK_STATE" />
12-->src\main\AndroidManifest.xml:6:5-79
12-->src\main\AndroidManifest.xml:6:22-76
13    <uses-permission android:name="android.permission.INTERNET" />
13-->src\main\AndroidManifest.xml:5:5-67
13-->src\main\AndroidManifest.xml:5:22-64
14    <uses-permission android:name="android.permission.INTERNET" />
14-->src\main\AndroidManifest.xml:5:5-67
14-->src\main\AndroidManifest.xml:5:22-64
15
16    <application
16-->src\main\AndroidManifest.xml:10:5-129:19
17        android:allowBackup="true"
17-->src\main\AndroidManifest.xml:11:9-35
18        android:appComponentFactory="androidx.core.app.CoreComponentFactory"
18-->[androidx.core:core:1.8.0] AndroidManifest.xml:24:18-86
19        android:dataExtractionRules="@xml/data_extraction_rules"
19-->src\main\AndroidManifest.xml:12:9-65
20        android:debuggable="true"
21        android:fullBackupContent="@xml/backup_rules"
21-->src\main\AndroidManifest.xml:13:9-54
22        android:icon="@mipmap/ic_launcher"
22-->src\main\AndroidManifest.xml:14:9-43
23        android:label="@string/app_name"
23-->src\main\AndroidManifest.xml:15:9-41
24        android:roundIcon="@mipmap/ic_launcher_round"
24-->src\main\AndroidManifest.xml:16:9-54
25        android:supportsRtl="true"
25-->src\main\AndroidManifest.xml:17:9-35
26        android:testOnly="true"
27        android:theme="@style/Theme.AppCompat.Light.NoActionBar" >
27-->src\main\AndroidManifest.xml:18:9-65
28        <activity
28-->src\main\AndroidManifest.xml:20:9-26:20
29            android:name="com.example.mealerapp.pages.orderViewClient"
29-->src\main\AndroidManifest.xml:21:13-50
30            android:exported="false" >
30-->src\main\AndroidManifest.xml:22:13-37
31            <meta-data
31-->src\main\AndroidManifest.xml:23:13-25:36
32                android:name="android.app.lib_name"
32-->src\main\AndroidManifest.xml:24:17-52
33                android:value="" />
33-->src\main\AndroidManifest.xml:25:17-33
34        </activity>
35        <activity
35-->src\main\AndroidManifest.xml:27:9-33:20
36            android:name="com.example.mealerapp.pages.ViewOrders"
36-->src\main\AndroidManifest.xml:28:13-45
37            android:exported="false" >
37-->src\main\AndroidManifest.xml:29:13-37
38            <meta-data
38-->src\main\AndroidManifest.xml:23:13-25:36
39                android:name="android.app.lib_name"
39-->src\main\AndroidManifest.xml:24:17-52
40                android:value="" />
40-->src\main\AndroidManifest.xml:25:17-33
41        </activity>
42        <activity
42-->src\main\AndroidManifest.xml:34:9-40:20
43            android:name="com.example.mealerapp.pages.OrderMeal"
43-->src\main\AndroidManifest.xml:35:13-44
44            android:exported="false" >
44-->src\main\AndroidManifest.xml:36:13-37
45            <meta-data
45-->src\main\AndroidManifest.xml:23:13-25:36
46                android:name="android.app.lib_name"
46-->src\main\AndroidManifest.xml:24:17-52
47                android:value="" />
47-->src\main\AndroidManifest.xml:25:17-33
48        </activity>
49        <activity
49-->src\main\AndroidManifest.xml:41:9-47:20
50            android:name="com.example.mealerapp.pages.make_complaint"
50-->src\main\AndroidManifest.xml:42:13-49
51            android:exported="false" >
51-->src\main\AndroidManifest.xml:43:13-37
52            <meta-data
52-->src\main\AndroidManifest.xml:23:13-25:36
53                android:name="android.app.lib_name"
53-->src\main\AndroidManifest.xml:24:17-52
54                android:value="" />
54-->src\main\AndroidManifest.xml:25:17-33
55        </activity>
56        <activity
56-->src\main\AndroidManifest.xml:48:9-54:20
57            android:name="com.example.mealerapp.pages.Add_Meals"
57-->src\main\AndroidManifest.xml:49:13-44
58            android:exported="false" >
58-->src\main\AndroidManifest.xml:50:13-37
59            <meta-data
59-->src\main\AndroidManifest.xml:23:13-25:36
60                android:name="android.app.lib_name"
60-->src\main\AndroidManifest.xml:24:17-52
61                android:value="" />
61-->src\main\AndroidManifest.xml:25:17-33
62        </activity>
63        <activity
63-->src\main\AndroidManifest.xml:55:9-61:20
64            android:name="com.example.mealerapp.pages.View_Meals"
64-->src\main\AndroidManifest.xml:56:13-45
65            android:exported="false" >
65-->src\main\AndroidManifest.xml:57:13-37
66            <meta-data
66-->src\main\AndroidManifest.xml:23:13-25:36
67                android:name="android.app.lib_name"
67-->src\main\AndroidManifest.xml:24:17-52
68                android:value="" />
68-->src\main\AndroidManifest.xml:25:17-33
69        </activity>
70        <activity
70-->src\main\AndroidManifest.xml:62:9-68:20
71            android:name="com.example.mealerapp.pages.ViewComplaints"
71-->src\main\AndroidManifest.xml:63:13-49
72            android:exported="false" >
72-->src\main\AndroidManifest.xml:64:13-37
73            <meta-data
73-->src\main\AndroidManifest.xml:23:13-25:36
74                android:name="android.app.lib_name"
74-->src\main\AndroidManifest.xml:24:17-52
75                android:value="" />
75-->src\main\AndroidManifest.xml:25:17-33
76        </activity>
77        <activity
77-->src\main\AndroidManifest.xml:69:9-75:20
78            android:name="com.example.mealerapp.pages.UpLoadVoidCheque"
78-->src\main\AndroidManifest.xml:70:13-51
79            android:exported="false" >
79-->src\main\AndroidManifest.xml:71:13-37
80            <meta-data
80-->src\main\AndroidManifest.xml:23:13-25:36
81                android:name="android.app.lib_name"
81-->src\main\AndroidManifest.xml:24:17-52
82                android:value="" />
82-->src\main\AndroidManifest.xml:25:17-33
83        </activity>
84
85        <meta-data
85-->src\main\AndroidManifest.xml:23:13-25:36
86            android:name="android.app.lib_name"
86-->src\main\AndroidManifest.xml:24:17-52
87            android:value="" />
87-->src\main\AndroidManifest.xml:25:17-33
88
89        <activity
89-->src\main\AndroidManifest.xml:81:9-87:20
90            android:name="com.example.mealerapp.pages.RegisterCook"
90-->src\main\AndroidManifest.xml:82:13-47
91            android:exported="false" >
91-->src\main\AndroidManifest.xml:83:13-37
92            <meta-data
92-->src\main\AndroidManifest.xml:23:13-25:36
93                android:name="android.app.lib_name"
93-->src\main\AndroidManifest.xml:24:17-52
94                android:value="" />
94-->src\main\AndroidManifest.xml:25:17-33
95        </activity>
96        <activity
96-->src\main\AndroidManifest.xml:88:9-94:20
97            android:name="com.example.mealerapp.pages.CookHome"
97-->src\main\AndroidManifest.xml:89:13-43
98            android:exported="false" >
98-->src\main\AndroidManifest.xml:90:13-37
99            <meta-data
99-->src\main\AndroidManifest.xml:23:13-25:36
100                android:name="android.app.lib_name"
100-->src\main\AndroidManifest.xml:24:17-52
101                android:value="" />
101-->src\main\AndroidManifest.xml:25:17-33
102        </activity>
103        <activity
103-->src\main\AndroidManifest.xml:95:9-101:20
104            android:name="com.example.mealerapp.pages.ClientHome"
104-->src\main\AndroidManifest.xml:96:13-45
105            android:exported="false" >
105-->src\main\AndroidManifest.xml:97:13-37
106            <meta-data
106-->src\main\AndroidManifest.xml:23:13-25:36
107                android:name="android.app.lib_name"
107-->src\main\AndroidManifest.xml:24:17-52
108                android:value="" />
108-->src\main\AndroidManifest.xml:25:17-33
109        </activity>
110        <activity
110-->src\main\AndroidManifest.xml:102:9-108:20
111            android:name="com.example.mealerapp.pages.AdminHome"
111-->src\main\AndroidManifest.xml:103:13-44
112            android:exported="false" >
112-->src\main\AndroidManifest.xml:104:13-37
113            <meta-data
113-->src\main\AndroidManifest.xml:23:13-25:36
114                android:name="android.app.lib_name"
114-->src\main\AndroidManifest.xml:24:17-52
115                android:value="" />
115-->src\main\AndroidManifest.xml:25:17-33
116        </activity>
117        <activity
117-->src\main\AndroidManifest.xml:109:9-115:20
118            android:name="com.example.mealerapp.pages.RegisterClient"
118-->src\main\AndroidManifest.xml:110:13-49
119            android:exported="false" >
119-->src\main\AndroidManifest.xml:111:13-37
120            <meta-data
120-->src\main\AndroidManifest.xml:23:13-25:36
121                android:name="android.app.lib_name"
121-->src\main\AndroidManifest.xml:24:17-52
122                android:value="" />
122-->src\main\AndroidManifest.xml:25:17-33
123        </activity>
124        <activity
124-->src\main\AndroidManifest.xml:116:9-128:20
125            android:name="com.example.mealerapp.pages.MainActivity"
125-->src\main\AndroidManifest.xml:117:13-47
126            android:exported="true" >
126-->src\main\AndroidManifest.xml:118:13-36
127            <intent-filter>
127-->src\main\AndroidManifest.xml:119:13-123:29
128                <action android:name="android.intent.action.MAIN" />
128-->src\main\AndroidManifest.xml:120:17-69
128-->src\main\AndroidManifest.xml:120:25-66
129
130                <category android:name="android.intent.category.LAUNCHER" />
130-->src\main\AndroidManifest.xml:122:17-77
130-->src\main\AndroidManifest.xml:122:27-74
131            </intent-filter>
132
133            <meta-data
133-->src\main\AndroidManifest.xml:23:13-25:36
134                android:name="android.app.lib_name"
134-->src\main\AndroidManifest.xml:24:17-52
135                android:value="" />
135-->src\main\AndroidManifest.xml:25:17-33
136        </activity>
137
138        <service
138-->[com.google.firebase:firebase-database:20.1.0] AndroidManifest.xml:28:9-34:19
139            android:name="com.google.firebase.components.ComponentDiscoveryService"
139-->[com.google.firebase:firebase-database:20.1.0] AndroidManifest.xml:29:13-84
140            android:directBootAware="true"
140-->[com.google.firebase:firebase-common:20.2.0] AndroidManifest.xml:34:13-43
141            android:exported="false" >
141-->[com.google.firebase:firebase-database:20.1.0] AndroidManifest.xml:30:13-37
142            <meta-data
142-->[com.google.firebase:firebase-database:20.1.0] AndroidManifest.xml:31:13-33:85
143                android:name="com.google.firebase.components:com.google.firebase.database.DatabaseRegistrar"
143-->[com.google.firebase:firebase-database:20.1.0] AndroidManifest.xml:32:17-109
144                android:value="com.google.firebase.components.ComponentRegistrar" />
144-->[com.google.firebase:firebase-database:20.1.0] AndroidManifest.xml:33:17-82
145        </service>
146
147        <activity
147-->[com.google.android.gms:play-services-base:18.0.1] AndroidManifest.xml:20:9-22:45
148            android:name="com.google.android.gms.common.api.GoogleApiActivity"
148-->[com.google.android.gms:play-services-base:18.0.1] AndroidManifest.xml:20:19-85
149            android:exported="false"
149-->[com.google.android.gms:play-services-base:18.0.1] AndroidManifest.xml:22:19-43
150            android:theme="@android:style/Theme.Translucent.NoTitleBar" />
150-->[com.google.android.gms:play-services-base:18.0.1] AndroidManifest.xml:21:19-78
151
152        <provider
152-->[com.google.firebase:firebase-common:20.2.0] AndroidManifest.xml:25:9-30:39
153            android:name="com.google.firebase.provider.FirebaseInitProvider"
153-->[com.google.firebase:firebase-common:20.2.0] AndroidManifest.xml:26:13-77
154            android:authorities="com.example.mealerapp.firebaseinitprovider"
154-->[com.google.firebase:firebase-common:20.2.0] AndroidManifest.xml:27:13-72
155            android:directBootAware="true"
155-->[com.google.firebase:firebase-common:20.2.0] AndroidManifest.xml:28:13-43
156            android:exported="false"
156-->[com.google.firebase:firebase-common:20.2.0] AndroidManifest.xml:29:13-37
157            android:initOrder="100" />
157-->[com.google.firebase:firebase-common:20.2.0] AndroidManifest.xml:30:13-36
158
159        <meta-data
159-->[com.google.android.gms:play-services-basement:18.1.0] AndroidManifest.xml:21:9-23:69
160            android:name="com.google.android.gms.version"
160-->[com.google.android.gms:play-services-basement:18.1.0] AndroidManifest.xml:22:13-58
161            android:value="@integer/google_play_services_version" />
161-->[com.google.android.gms:play-services-basement:18.1.0] AndroidManifest.xml:23:13-66
162
163        <provider
163-->[androidx.emoji2:emoji2:1.2.0] AndroidManifest.xml:24:9-32:20
164            android:name="androidx.startup.InitializationProvider"
164-->[androidx.emoji2:emoji2:1.2.0] AndroidManifest.xml:25:13-67
165            android:authorities="com.example.mealerapp.androidx-startup"
165-->[androidx.emoji2:emoji2:1.2.0] AndroidManifest.xml:26:13-68
166            android:exported="false" >
166-->[androidx.emoji2:emoji2:1.2.0] AndroidManifest.xml:27:13-37
167            <meta-data
167-->[androidx.emoji2:emoji2:1.2.0] AndroidManifest.xml:29:13-31:52
168                android:name="androidx.emoji2.text.EmojiCompatInitializer"
168-->[androidx.emoji2:emoji2:1.2.0] AndroidManifest.xml:30:17-75
169                android:value="androidx.startup" />
169-->[androidx.emoji2:emoji2:1.2.0] AndroidManifest.xml:31:17-49
170            <meta-data
170-->[androidx.lifecycle:lifecycle-process:2.4.1] AndroidManifest.xml:31:13-33:52
171                android:name="androidx.lifecycle.ProcessLifecycleInitializer"
171-->[androidx.lifecycle:lifecycle-process:2.4.1] AndroidManifest.xml:32:17-78
172                android:value="androidx.startup" />
172-->[androidx.lifecycle:lifecycle-process:2.4.1] AndroidManifest.xml:33:17-49
173        </provider>
174    </application>
175
176</manifest>